Godot Engine v4.2.stable.official.46dc27791 - https://godotengine.org
OpenGL API 3.3.0 NVIDIA 546.33 - Compatibility - Using Device: NVIDIA - NVIDIA GeForce GTX 1660 SUPER
 
00:17:12: INFO Loading Save Data...
00:17:12: INFO Validating Save...
00:17:12: INFO Saving Game...
00:17:12: INFO Loading User Settings...
USER ERROR: Unable to convert array index 0 from 'Nil' to 'String'.
   at: assign (core/variant/array.cpp:245)
00:17:12: INFO Validating Keybinds...
00:17:12: INFO Loading Keybinds...
WARNING: AnimationMixer: 'RESET', Value Track: '.:default_color' has different update modes between some animations which may be blended together. Blending prioritizes UpdateMode.UPDATE_CONTINUOUS, so the process treats UpdateMode.UPDATE_DISCRETE as UpdateMode.UPDATE_CONTINUOUS with InterpolationType.INTERPOLATION_NEAREST.
   at: _update_caches (scene/animation/animation_mixer.cpp:889)
00:17:12: INFO OS Name : Windows
00:17:12: INFO Game Version : 3.34 - dev1
00:17:20: INFO Loading Scene: res://src/scenes/warning.tscn
00:17:24: INFO Loading Scene: res://src/scenes/main_menu.tscn
00:17:24: INFO Loading Save Data...
00:17:24: INFO Validating Save...
00:17:24: INFO Saving Game...
00:17:35: INFO Loading Scene: res://src/scenes/extras.tscn
00:17:38: INFO Loading Scene: res://src/scenes/main_menu.tscn
00:17:38: INFO Loading Save Data...
00:17:38: INFO Validating Save...
00:17:38: INFO Saving Game...
00:17:45: INFO Setting up acts...
00:17:56: INFO Loading Scene: res://src/scenes/mods.tscn
00:17:56: INFO Loading Save Data...
00:17:56: INFO Validating Save...
00:17:56: INFO Saving Game...
USER ERROR: Error opening file 'mods/Toriel/toriel_hard_titfuck/splash.png'.
   at: load_image (core/io/image_loader.cpp:90)
USER ERROR: Failed to load image. Error 7
   at: load_from_file (core/io/image.cpp:2511)
USER ERROR: Invalid image: null
   at: create_from_image (scene/resources/image_texture.cpp:76)
USER ERROR: Error opening file 'mods/Toriel/thumb.png'.
   at: load_image (core/io/image_loader.cpp:90)
USER ERROR: Failed to load image. Error 7
   at: load_from_file (core/io/image.cpp:2511)
USER ERROR: Invalid image: null
   at: create_from_image (scene/resources/image_texture.cpp:76)
00:17:56: INFO Setting up acts...
00:18:01: INFO Loading Scene: res://src/scenes/loading.tscn
00:18:01: INFO Resetting Game Stats...
00:18:02: INFO Loading Level Configuration Files...
00:18:02: INFO Checking Climax Video...
00:18:02: INFO FFmpeg found at bin/Windows/ffmpeg.exe...
00:18:02: INFO Converting Climax Video...
00:18:05: INFO Converted final video: mods/Toriel/toriel_hard_titfuck/video/climax.ogv
00:18:05: INFO Loading Game Assets...
00:18:06: INFO Loading Scene: res://src/scenes/game.tscn
00:18:11: INFO Loading User Settings...
00:18:33: INFO Resetting Game Stats...
00:18:34: INFO Loading Scene: res://src/scenes/main_menu.tscn
00:18:34: INFO Loading Save Data...
00:18:34: INFO Validating Save...
00:18:34: INFO Saving Game...
00:18:35: INFO Loading Scene: res://src/scenes/shop.tscn
00:19:24: INFO Saving Game...
00:19:24: INFO Saving Game...
00:19:56: INFO Saving Game...
00:19:56: INFO Saving Game...
00:19:58: INFO Saving Game...
00:19:58: INFO Saving Game...
00:19:58: INFO Saving Game...
00:19:58: INFO Saving Game...
00:20:00: INFO Saving Game...
00:20:00: INFO Saving Game...
00:20:01: INFO Saving Game...
00:20:01: INFO Saving Game...
00:20:02: INFO Loading Scene: res://src/scenes/main_menu.tscn
00:20:02: INFO Loading Save Data...
00:20:02: INFO Validating Save...
00:20:02: INFO Saving Game...
00:20:04: INFO Loading Scene: res://src/scenes/mods.tscn
00:20:04: INFO Loading Save Data...
00:20:04: INFO Validating Save...
00:20:04: INFO Saving Game...
USER ERROR: Error opening file 'mods/Toriel/toriel_hard_titfuck/splash.png'.
   at: load_image (core/io/image_loader.cpp:90)
USER ERROR: Failed to load image. Error 7
   at: load_from_file (core/io/image.cpp:2511)
USER ERROR: Invalid image: null
   at: create_from_image (scene/resources/image_texture.cpp:76)
USER ERROR: Error opening file 'mods/Toriel/thumb.png'.
   at: load_image (core/io/image_loader.cpp:90)
USER ERROR: Failed to load image. Error 7
   at: load_from_file (core/io/image.cpp:2511)
USER ERROR: Invalid image: null
   at: create_from_image (scene/resources/image_texture.cpp:76)
00:20:04: INFO Setting up acts...
00:20:08: INFO Loading Scene: res://src/scenes/loading.tscn
00:20:08: INFO Resetting Game Stats...
00:20:09: INFO Loading Level Configuration Files...
00:20:09: INFO Checking Climax Video...
00:20:09: INFO FFMPEG - File already exists: mods/Toriel/toriel_hard_titfuck/video/climax.ogv
00:20:09: INFO Loading Game Assets...
00:20:11: INFO Loading Scene: res://src/scenes/game.tscn
00:20:57: INFO Resetting Game Stats...
00:20:57: INFO Loading Scene: res://src/scenes/main_menu.tscn
00:20:57: INFO Loading Save Data...
00:20:57: INFO Validating Save...
00:20:57: INFO Saving Game...
00:21:00: INFO Loading Scene: res://src/scenes/shop.tscn
00:21:11: INFO Saving Game...
00:21:11: INFO Saving Game...
00:21:11: INFO Saving Game...
00:21:11: INFO Saving Game...
00:21:12: INFO Saving Game...
00:21:12: INFO Saving Game...
00:21:12: INFO Saving Game...
00:21:12: INFO Saving Game...
00:21:12: INFO Saving Game...
00:21:12: INFO Saving Game...
00:21:13: INFO Saving Game...
00:21:13: INFO Saving Game...
00:21:13: INFO Saving Game...
00:21:13: INFO Saving Game...
00:21:14: INFO Saving Game...
00:21:14: INFO Saving Game...
00:21:14: INFO Saving Game...
00:21:14: INFO Saving Game...
00:21:14: INFO Saving Game...
00:21:14: INFO Saving Game...
00:21:15: INFO Saving Game...
00:21:15: INFO Saving Game...
00:21:15: INFO Saving Game...
00:21:15: INFO Saving Game...
00:21:15: INFO Saving Game...
00:21:15: INFO Saving Game...
00:21:21: INFO Loading Scene: res://src/scenes/main_menu.tscn
00:21:21: INFO Loading Save Data...
00:21:21: INFO Validating Save...
00:21:21: INFO Saving Game...
00:21:22: INFO Loading Scene: res://src/scenes/extras.tscn
00:21:25: INFO Loading Scene: res://src/scenes/gallery.tscn
00:21:49: INFO Loading Scene: res://src/scenes/extras.tscn
00:21:50: INFO Loading Scene: res://src/scenes/main_menu.tscn
00:21:50: INFO Loading Save Data...
00:21:50: INFO Validating Save...
00:21:50: INFO Saving Game...
00:21:52: INFO Setting up acts...
00:21:56: INFO Loading Scene: res://src/scenes/extras.tscn
00:21:57: INFO Loading Scene: res://src/scenes/main_menu.tscn
00:21:57: INFO Loading Save Data...
00:21:57: INFO Validating Save...
00:21:57: INFO Saving Game...
00:21:58: INFO Setting up acts...
00:22:01: INFO Loading Scene: res://src/scenes/cutscene.tscn
00:22:04: INFO Loading Scene: res://src/scenes/loading.tscn
00:22:04: INFO Resetting Game Stats...
00:22:05: INFO Loading Level Configuration Files...
00:22:05: INFO Checking Climax Video...
00:22:05: INFO Final video already .ogv format
00:22:05: INFO Loading Game Assets...
00:22:07: INFO Loading Scene: res://src/scenes/game.tscn
00:22:18: INFO Game Over...
00:22:18: INFO Saving Game...
00:22:22: INFO Loading Scene: res://src/scenes/main_menu.tscn
00:22:22: INFO Loading Save Data...
00:22:22: INFO Validating Save...
00:22:22: INFO Saving Game...
00:22:22: INFO Setting up acts...
00:22:25: INFO Loading Scene: res://src/scenes/extras.tscn
00:22:27: INFO Loading Scene: res://src/scenes/gallery.tscn
00:22:33: INFO Loading Scene: res://src/scenes/extras.tscn
00:22:35: INFO Loading Scene: res://src/scenes/theater.tscn
00:22:46: INFO Loading Scene: res://src/scenes/cutscene.tscn
00:22:49: INFO Loading Scene: res://src/scenes/theater.tscn
00:22:51: INFO Loading Scene: res://src/scenes/cutscene.tscn
00:22:52: INFO Loading Scene: res://src/scenes/theater.tscn
00:22:53: INFO Loading Scene: res://src/scenes/extras.tscn
00:22:53: INFO Loading Scene: res://src/scenes/main_menu.tscn
00:22:53: INFO Loading Save Data...
00:22:53: INFO Validating Save...
00:22:53: INFO Saving Game...
00:23:03: INFO Setting up acts...
00:23:05: INFO Loading Scene: res://src/scenes/mods.tscn
00:23:05: INFO Loading Save Data...
00:23:05: INFO Validating Save...
00:23:05: INFO Saving Game...
USER ERROR: Error opening file 'mods/Toriel/toriel_hard_titfuck/splash.png'.
   at: load_image (core/io/image_loader.cpp:90)
USER ERROR: Failed to load image. Error 7
   at: load_from_file (core/io/image.cpp:2511)
USER ERROR: Invalid image: null
   at: create_from_image (scene/resources/image_texture.cpp:76)
USER ERROR: Error opening file 'mods/Toriel/thumb.png'.
   at: load_image (core/io/image_loader.cpp:90)
USER ERROR: Failed to load image. Error 7
   at: load_from_file (core/io/image.cpp:2511)
USER ERROR: Invalid image: null
   at: create_from_image (scene/resources/image_texture.cpp:76)
