Godot Engine v3.3.2.stable.official - https://godotengine.org
OpenGL ES 3.0 Renderer: NVIDIA GeForce GTX 1660 SUPER/PCIe/SSE2
OpenGL ES Batching: ON
 
(00:40:56) Loading game data
getting arguments
(00:40:56) OS Name : Windows
(00:40:56) Game Version : 1.311
(00:40:56) Looking for : C:/Users/bowen/OneDrive/Desktop/BeatBanging/data
(00:40:56) Data loaded succesfully
(00:40:57) Changed scene to res://01_scenes/00_Intro/Warning.tscn
(00:40:57) Saving game data
(00:40:59) Changed scene to res://01_scenes/01_Menu/Menu.tscn
(00:40:59) Saving game data
(00:40:59) Loading game data
Checking for updates
(00:40:59) ----- Main menu loaded
(00:40:59) Loading levels from /Data/

(00:40:59) Running on Beat Banger v1.311
(00:41:01) Changed scene to res://01_scenes/01_Menu/Mod.tscn
(00:41:01) Saving game data
(00:41:01) Loading levels from mods/
KomDog
(00:41:04) Changed scene to res://01_scenes/01_Menu/Menu.tscn
(00:41:04) Saving game data
(00:41:04) Loading game data
Checking for updates
(00:41:04) ----- Main menu loaded
(00:41:04) Loading levels from /Data/

(00:41:04) Running on Beat Banger v1.311
(00:41:08) Saving game data
