Godot Engine v4.2.stable.official.46dc27791 - https://godotengine.org
OpenGL API 3.3.0 NVIDIA 546.33 - Compatibility - Using Device: NVIDIA - NVIDIA GeForce GTX 1660 SUPER
 
20:08:07: INFO Loading Save Data...
20:08:07: INFO Validating Save...
20:08:07: INFO Saving Game...
20:08:07: INFO Loading User Settings...
USER ERROR: Unable to convert array index 0 from 'Nil' to 'String'.
   at: assign (core/variant/array.cpp:245)
20:08:07: INFO Validating Keybinds...
20:08:07: INFO Loading Keybinds...
WARNING: AnimationMixer: 'RESET', Value Track: '.:default_color' has different update modes between some animations which may be blended together. Blending prioritizes UpdateMode.UPDATE_CONTINUOUS, so the process treats UpdateMode.UPDATE_DISCRETE as UpdateMode.UPDATE_CONTINUOUS with InterpolationType.INTERPOLATION_NEAREST.
   at: _update_caches (scene/animation/animation_mixer.cpp:889)
20:08:07: INFO OS Name : Windows
20:08:07: INFO Game Version : 3.34 - dev1
20:08:15: INFO Loading Scene: res://src/scenes/main_menu.tscn
20:08:15: INFO Loading Save Data...
20:08:15: INFO Validating Save...
20:08:15: INFO Saving Game...
20:19:03: INFO Loading Scene: res://src/scenes/mods.tscn
20:19:03: INFO Loading Save Data...
20:19:03: INFO Validating Save...
20:19:03: INFO Saving Game...
USER ERROR: Error opening file 'mods/Toriel/toriel_hard_titfuck/splash.png'.
   at: load_image (core/io/image_loader.cpp:90)
USER ERROR: Failed to load image. Error 7
   at: load_from_file (core/io/image.cpp:2511)
USER ERROR: Invalid image: null
   at: create_from_image (scene/resources/image_texture.cpp:76)
USER ERROR: Error opening file 'mods/Toriel/thumb.png'.
   at: load_image (core/io/image_loader.cpp:90)
USER ERROR: Failed to load image. Error 7
   at: load_from_file (core/io/image.cpp:2511)
USER ERROR: Invalid image: null
   at: create_from_image (scene/resources/image_texture.cpp:76)
20:19:03: INFO Setting up acts...
20:19:09: INFO Loading Scene: res://src/scenes/main_menu.tscn
20:19:09: INFO Loading Save Data...
20:19:09: INFO Validating Save...
20:19:09: INFO Saving Game...
